<?xml version="1.0" encoding="UTF-8"?>
<!-- Generated by org.testng.reporters.JUnitXMLReporter -->
<testsuite hostname="WINDOWS10" ignored="0" name="Search" tests="1" failures="1" timestamp="24 Aug 2020 10:45:34 GMT" time="10.417" errors="0">
  <testcase name="countvideos" time="0.165" classname="com.org.tests.Keywordcounttest">
    <failure type="java.lang.NullPointerException">
      <![CDATA[java.lang.NullPointerException
at java.util.Objects.requireNonNull(Unknown Source)
at org.openqa.selenium.support.ui.FluentWait.<init>(FluentWait.java:106)
at org.openqa.selenium.support.ui.WebDriverWait.<init>(WebDriverWait.java:85)
at org.openqa.selenium.support.ui.WebDriverWait.<init>(WebDriverWait.java:45)
at com.org.pages.Searchpages.<init>(Searchpages.java:32)
at com.org.tests.Keywordcounttest.countvideos(Keywordcounttest.java:21)
... Removed 25 stack frames]]>
    </failure>
  </testcase> <!-- countvideos -->
</testsuite> <!-- Search -->
