<?xml version="1.0" encoding="UTF-8"?>
<testng-results skipped="0" failed="0" ignored="0" total="3" passed="3">
  <reporter-output>
  </reporter-output>
  <suite name="Searchcount" duration-ms="88303" started-at="2020-08-24T12:14:29Z" finished-at="2020-08-24T12:15:58Z">
    <groups>
    </groups>
    <test name="Search-java" duration-ms="9347" started-at="2020-08-24T12:14:29Z" finished-at="2020-08-24T12:14:39Z">
      <class name="com.org.tests.Keywordcounttest">
        <test-method status="PASS" signature="Setup()[pri:0, instance:com.org.tests.Keywordcounttest@1e88b3c]" name="Setup" is-config="true" duration-ms="1989" started-at="2020-08-24T12:14:29Z" finished-at="2020-08-24T12:14:31Z">
          <reporter-output>
          </reporter-output>
        </test-method> <!-- Setup -->
        <test-method status="PASS" signature="countvideos(java.lang.String)[pri:0, instance:com.org.tests.Keywordcounttest@1e88b3c]" name="countvideos" duration-ms="7332" started-at="2020-08-24T12:14:31Z" finished-at="2020-08-24T12:14:39Z">
          <params>
            <param index="0">
              <value>
                <![CDATA[java]]>
              </value>
            </param>
          </params>
          <reporter-output>
          </reporter-output>
        </test-method> <!-- countvideos -->
      </class> <!-- com.org.tests.Keywordcounttest -->
    </test> <!-- Search-java -->
    <test name="Search-qa" duration-ms="37169" started-at="2020-08-24T12:14:39Z" finished-at="2020-08-24T12:15:16Z">
      <class name="com.org.tests.Keywordcounttest">
        <test-method status="PASS" signature="Setup()[pri:0, instance:com.org.tests.Keywordcounttest@3c0ecd4b]" name="Setup" is-config="true" duration-ms="32614" started-at="2020-08-24T12:14:39Z" finished-at="2020-08-24T12:15:11Z">
          <reporter-output>
          </reporter-output>
        </test-method> <!-- Setup -->
        <test-method status="PASS" signature="countvideos(java.lang.String)[pri:0, instance:com.org.tests.Keywordcounttest@3c0ecd4b]" name="countvideos" duration-ms="4550" started-at="2020-08-24T12:15:11Z" finished-at="2020-08-24T12:15:16Z">
          <params>
            <param index="0">
              <value>
                <![CDATA[qa]]>
              </value>
            </param>
          </params>
          <reporter-output>
          </reporter-output>
        </test-method> <!-- countvideos -->
      </class> <!-- com.org.tests.Keywordcounttest -->
    </test> <!-- Search-qa -->
    <test name="Search-linux" duration-ms="41738" started-at="2020-08-24T12:15:16Z" finished-at="2020-08-24T12:15:58Z">
      <class name="com.org.tests.Keywordcounttest">
        <test-method status="PASS" signature="Setup()[pri:0, instance:com.org.tests.Keywordcounttest@42dafa95]" name="Setup" is-config="true" duration-ms="35420" started-at="2020-08-24T12:15:16Z" finished-at="2020-08-24T12:15:51Z">
          <reporter-output>
          </reporter-output>
        </test-method> <!-- Setup -->
        <test-method status="PASS" signature="countvideos(java.lang.String)[pri:0, instance:com.org.tests.Keywordcounttest@42dafa95]" name="countvideos" duration-ms="6313" started-at="2020-08-24T12:15:51Z" finished-at="2020-08-24T12:15:58Z">
          <params>
            <param index="0">
              <value>
                <![CDATA[linux]]>
              </value>
            </param>
          </params>
          <reporter-output>
          </reporter-output>
        </test-method> <!-- countvideos -->
      </class> <!-- com.org.tests.Keywordcounttest -->
    </test> <!-- Search-linux -->
  </suite> <!-- Searchcount -->
</testng-results>
